<?xml version="1.0" encoding="UTF-8"?>
<!-- Generated by org.testng.reporters.JUnitXMLReporter -->
<testsuite ignored="4" hostname="DESKTOP-7ADN46Q" failures="0" tests="1" name="Test" time="100.67" errors="0" timestamp="2024-06-01T14:48:25 IST">
  <testcase classname="commonMethods.Testcases" name="@AfterMethod Teardown" time="0.006">
    <failure type="java.lang.NullPointerException" message="Cannot invoke &amp;quot;org.openqa.selenium.TakesScreenshot.getScreenshotAs(org.openqa.selenium.OutputType)&amp;quot; because &amp;quot;driver&amp;quot; is null">
      <![CDATA[java.lang.NullPointerException: Cannot invoke "org.openqa.selenium.TakesScreenshot.getScreenshotAs(org.openqa.selenium.OutputType)" because "driver" is null
at atu.testng.reports.ATUReports.base64(ATUReports.java:544)
at atu.testng.reports.ATUReports.teardown(ATUReports.java:509)
at commonMethods.Testcases.Teardown(Testcases.java:97)
at java.base/java.util.ArrayList.forEach(ArrayList.java:1511)
... Removed 32 stack frames]]>
    </failure>
  </testcase> <!-- @AfterMethod Teardown -->
  <testcase classname="commonMethods.Testcases" name="TC_Service_Creation_SC01" time="98.738"/>
  <testcase classname="commonMethods.Testcases" name="TC_Service_Creation_SC03" time="0.0">
    <ignored/>
  </testcase> <!-- TC_Service_Creation_SC03 -->
  <testcase classname="commonMethods.Testcases" name="TC_Service_Creation_SC02" time="0.0">
    <ignored/>
  </testcase> <!-- TC_Service_Creation_SC02 -->
  <testcase classname="commonMethods.Testcases" name="TC_Service_Creation_SC05" time="0.0">
    <ignored/>
  </testcase> <!-- TC_Service_Creation_SC05 -->
  <testcase classname="commonMethods.Testcases" name="TC_Service_Creation_SC04" time="0.0">
    <ignored/>
  </testcase> <!-- TC_Service_Creation_SC04 -->
</testsuite> <!-- Test -->
