<?xml version="1.0" encoding="UTF-8"?>
<testng-results ignored="5" total="7" passed="2" failed="0" skipped="0">
  <reporter-output>
    <line>
      <![CDATA[STEP1]]>
    </line>
    <line>
      <![CDATA[STEP2]]>
    </line>
    <line>
      <![CDATA[STEP3]]>
    </line>
    <line>
      <![CDATA[STEP4]]>
    </line>
    <line>
      <![CDATA[STEP5]]>
    </line>
    <line>
      <![CDATA[STEP6]]>
    </line>
    <line>
      <![CDATA[STEP7]]>
    </line>
    <line>
      <![CDATA[STEP8]]>
    </line>
    <line>
      <![CDATA[STEP9]]>
    </line>
    <line>
      <![CDATA[STEP10]]>
    </line>
    <line>
      <![CDATA[STEP11]]>
    </line>
    <line>
      <![CDATA[STEP12]]>
    </line>
    <line>
      <![CDATA[STEP13]]>
    </line>
    <line>
      <![CDATA[STEP14]]>
    </line>
    <line>
      <![CDATA[STEP15]]>
    </line>
    <line>
      <![CDATA[STEP16]]>
    </line>
    <line>
      <![CDATA[STEP17]]>
    </line>
    <line>
      <![CDATA[STEP18]]>
    </line>
    <line>
      <![CDATA[STEP19]]>
    </line>
    <line>
      <![CDATA[STEP20]]>
    </line>
    <line>
      <![CDATA[STEP21]]>
    </line>
    <line>
      <![CDATA[STEP22]]>
    </line>
    <line>
      <![CDATA[STEP23]]>
    </line>
    <line>
      <![CDATA[STEP24]]>
    </line>
    <line>
      <![CDATA[STEP25]]>
    </line>
    <line>
      <![CDATA[STEP26]]>
    </line>
    <line>
      <![CDATA[STEP27]]>
    </line>
    <line>
      <![CDATA[STEP28]]>
    </line>
    <line>
      <![CDATA[STEP29]]>
    </line>
    <line>
      <![CDATA[STEP30]]>
    </line>
    <line>
      <![CDATA[STEP31]]>
    </line>
    <line>
      <![CDATA[STEP32]]>
    </line>
    <line>
      <![CDATA[STEP33]]>
    </line>
    <line>
      <![CDATA[STEP34]]>
    </line>
    <line>
      <![CDATA[STEP35]]>
    </line>
    <line>
      <![CDATA[STEP36]]>
    </line>
    <line>
      <![CDATA[STEP37]]>
    </line>
    <line>
      <![CDATA[STEP38]]>
    </line>
    <line>
      <![CDATA[STEP39]]>
    </line>
    <line>
      <![CDATA[STEP40]]>
    </line>
    <line>
      <![CDATA[STEP41]]>
    </line>
    <line>
      <![CDATA[STEP42]]>
    </line>
    <line>
      <![CDATA[STEP43]]>
    </line>
    <line>
      <![CDATA[STEP44]]>
    </line>
    <line>
      <![CDATA[STEP45]]>
    </line>
    <line>
      <![CDATA[STEP46]]>
    </line>
    <line>
      <![CDATA[STEP47]]>
    </line>
    <line>
      <![CDATA[STEP48]]>
    </line>
    <line>
      <![CDATA[STEP49]]>
    </line>
    <line>
      <![CDATA[STEP50]]>
    </line>
    <line>
      <![CDATA[STEP51]]>
    </line>
    <line>
      <![CDATA[STEP52]]>
    </line>
    <line>
      <![CDATA[STEP53]]>
    </line>
    <line>
      <![CDATA[STEP54]]>
    </line>
    <line>
      <![CDATA[STEP55]]>
    </line>
    <line>
      <![CDATA[STEP56]]>
    </line>
    <line>
      <![CDATA[STEP57]]>
    </line>
    <line>
      <![CDATA[STEP58]]>
    </line>
    <line>
      <![CDATA[STEP59]]>
    </line>
    <line>
      <![CDATA[STEP60]]>
    </line>
    <line>
      <![CDATA[STEP61]]>
    </line>
    <line>
      <![CDATA[STEP62]]>
    </line>
    <line>
      <![CDATA[STEP63]]>
    </line>
    <line>
      <![CDATA[STEP64]]>
    </line>
    <line>
      <![CDATA[STEP65]]>
    </line>
    <line>
      <![CDATA[STEP66]]>
    </line>
    <line>
      <![CDATA[STEP67]]>
    </line>
    <line>
      <![CDATA[STEP68]]>
    </line>
    <line>
      <![CDATA[STEP69]]>
    </line>
    <line>
      <![CDATA[STEP70]]>
    </line>
    <line>
      <![CDATA[STEP71]]>
    </line>
    <line>
      <![CDATA[STEP72]]>
    </line>
    <line>
      <![CDATA[STEP73]]>
    </line>
    <line>
      <![CDATA[STEP74]]>
    </line>
    <line>
      <![CDATA[STEP75]]>
    </line>
    <line>
      <![CDATA[STEP76]]>
    </line>
    <line>
      <![CDATA[STEP77]]>
    </line>
    <line>
      <![CDATA[STEP78]]>
    </line>
    <line>
      <![CDATA[STEP79]]>
    </line>
    <line>
      <![CDATA[STEP80]]>
    </line>
    <line>
      <![CDATA[STEP81]]>
    </line>
    <line>
      <![CDATA[STEP82]]>
    </line>
    <line>
      <![CDATA[STEP83]]>
    </line>
    <line>
      <![CDATA[STEP84]]>
    </line>
    <line>
      <![CDATA[STEP85]]>
    </line>
    <line>
      <![CDATA[STEP86]]>
    </line>
    <line>
      <![CDATA[STEP87]]>
    </line>
    <line>
      <![CDATA[STEP88]]>
    </line>
    <line>
      <![CDATA[STEP89]]>
    </line>
    <line>
      <![CDATA[STEP90]]>
    </line>
    <line>
      <![CDATA[STEP91]]>
    </line>
    <line>
      <![CDATA[STEP92]]>
    </line>
    <line>
      <![CDATA[STEP93]]>
    </line>
    <line>
      <![CDATA[STEP94]]>
    </line>
    <line>
      <![CDATA[STEP95]]>
    </line>
    <line>
      <![CDATA[STEP96]]>
    </line>
    <line>
      <![CDATA[STEP97]]>
    </line>
    <line>
      <![CDATA[STEP98]]>
    </line>
    <line>
      <![CDATA[STEP99]]>
    </line>
    <line>
      <![CDATA[STEP100]]>
    </line>
    <line>
      <![CDATA[STEP101]]>
    </line>
    <line>
      <![CDATA[STEP102]]>
    </line>
    <line>
      <![CDATA[STEP103]]>
    </line>
    <line>
      <![CDATA[STEP104]]>
    </line>
    <line>
      <![CDATA[STEP105]]>
    </line>
    <line>
      <![CDATA[STEP106]]>
    </line>
    <line>
      <![CDATA[STEP107]]>
    </line>
    <line>
      <![CDATA[STEP108]]>
    </line>
    <line>
      <![CDATA[STEP109]]>
    </line>
    <line>
      <![CDATA[STEP110]]>
    </line>
    <line>
      <![CDATA[STEP111]]>
    </line>
    <line>
      <![CDATA[STEP112]]>
    </line>
    <line>
      <![CDATA[STEP113]]>
    </line>
    <line>
      <![CDATA[STEP114]]>
    </line>
    <line>
      <![CDATA[STEP115]]>
    </line>
    <line>
      <![CDATA[STEP116]]>
    </line>
    <line>
      <![CDATA[STEP117]]>
    </line>
    <line>
      <![CDATA[STEP118]]>
    </line>
    <line>
      <![CDATA[STEP119]]>
    </line>
    <line>
      <![CDATA[STEP120]]>
    </line>
    <line>
      <![CDATA[STEP121]]>
    </line>
    <line>
      <![CDATA[STEP122]]>
    </line>
    <line>
      <![CDATA[STEP123]]>
    </line>
    <line>
      <![CDATA[STEP124]]>
    </line>
    <line>
      <![CDATA[STEP125]]>
    </line>
    <line>
      <![CDATA[STEP126]]>
    </line>
    <line>
      <![CDATA[STEP127]]>
    </line>
    <line>
      <![CDATA[STEP128]]>
    </line>
    <line>
      <![CDATA[STEP129]]>
    </line>
    <line>
      <![CDATA[STEP130]]>
    </line>
    <line>
      <![CDATA[STEP131]]>
    </line>
    <line>
      <![CDATA[STEP132]]>
    </line>
    <line>
      <![CDATA[STEP133]]>
    </line>
    <line>
      <![CDATA[STEP134]]>
    </line>
    <line>
      <![CDATA[STEP135]]>
    </line>
    <line>
      <![CDATA[STEP136]]>
    </line>
    <line>
      <![CDATA[STEP137]]>
    </line>
    <line>
      <![CDATA[STEP138]]>
    </line>
    <line>
      <![CDATA[STEP139]]>
    </line>
    <line>
      <![CDATA[STEP140]]>
    </line>
    <line>
      <![CDATA[STEP141]]>
    </line>
    <line>
      <![CDATA[STEP142]]>
    </line>
  </reporter-output>
  <suite started-at="2024-05-30T12:37:48 IST" name="Suite" finished-at="2024-05-30T12:39:58 IST" duration-ms="129998">
    <groups>
    </groups>
    <test started-at="2024-05-30T12:37:48 IST" name="Test" finished-at="2024-05-30T12:39:58 IST" duration-ms="129998">
      <class name="commonMethods.Testcases">
        <test-method is-config="true" signature="Extentreport()[pri:0, instance:commonMethods.Testcases@71cb3139]" started-at="2024-05-30T12:37:48 IST" name="Extentreport" finished-at="2024-05-30T12:37:49 IST" duration-ms="633" status="PASS">
          <reporter-output>
          </reporter-output>
        </test-method> <!-- Extentreport -->
        <test-method is-config="true" signature="getDataFromConfig()[pri:0, instance:commonMethods.Testcases@71cb3139]" started-at="2024-05-30T12:37:49 IST" name="getDataFromConfig" finished-at="2024-05-30T12:37:49 IST" duration-ms="54" status="PASS">
          <reporter-output>
          </reporter-output>
        </test-method> <!-- getDataFromConfig -->
        <test-method signature="TC_Proforma_Service_Creation_PC01()[pri:0, instance:commonMethods.Testcases@71cb3139]" started-at="2024-05-30T12:37:49 IST" name="TC_Proforma_Service_Creation_PC01" finished-at="2024-05-30T12:39:16 IST" duration-ms="87543" status="PASS">
          <reporter-output>
            <line>
              <![CDATA[STEP1]]>
            </line>
            <line>
              <![CDATA[STEP2]]>
            </line>
            <line>
              <![CDATA[STEP3]]>
            </line>
            <line>
              <![CDATA[STEP4]]>
            </line>
            <line>
              <![CDATA[STEP5]]>
            </line>
            <line>
              <![CDATA[STEP6]]>
            </line>
            <line>
              <![CDATA[STEP7]]>
            </line>
            <line>
              <![CDATA[STEP8]]>
            </line>
            <line>
              <![CDATA[STEP9]]>
            </line>
            <line>
              <![CDATA[STEP10]]>
            </line>
            <line>
              <![CDATA[STEP11]]>
            </line>
            <line>
              <![CDATA[STEP12]]>
            </line>
            <line>
              <![CDATA[STEP13]]>
            </line>
            <line>
              <![CDATA[STEP14]]>
            </line>
            <line>
              <![CDATA[STEP15]]>
            </line>
            <line>
              <![CDATA[STEP16]]>
            </line>
            <line>
              <![CDATA[STEP17]]>
            </line>
            <line>
              <![CDATA[STEP18]]>
            </line>
            <line>
              <![CDATA[STEP19]]>
            </line>
            <line>
              <![CDATA[STEP20]]>
            </line>
            <line>
              <![CDATA[STEP21]]>
            </line>
            <line>
              <![CDATA[STEP22]]>
            </line>
            <line>
              <![CDATA[STEP23]]>
            </line>
            <line>
              <![CDATA[STEP24]]>
            </line>
            <line>
              <![CDATA[STEP25]]>
            </line>
            <line>
              <![CDATA[STEP26]]>
            </line>
            <line>
              <![CDATA[STEP27]]>
            </line>
            <line>
              <![CDATA[STEP28]]>
            </line>
            <line>
              <![CDATA[STEP29]]>
            </line>
            <line>
              <![CDATA[STEP30]]>
            </line>
            <line>
              <![CDATA[STEP31]]>
            </line>
            <line>
              <![CDATA[STEP32]]>
            </line>
            <line>
              <![CDATA[STEP33]]>
            </line>
            <line>
              <![CDATA[STEP34]]>
            </line>
            <line>
              <![CDATA[STEP35]]>
            </line>
            <line>
              <![CDATA[STEP36]]>
            </line>
            <line>
              <![CDATA[STEP37]]>
            </line>
            <line>
              <![CDATA[STEP38]]>
            </line>
            <line>
              <![CDATA[STEP39]]>
            </line>
            <line>
              <![CDATA[STEP40]]>
            </line>
            <line>
              <![CDATA[STEP41]]>
            </line>
            <line>
              <![CDATA[STEP42]]>
            </line>
            <line>
              <![CDATA[STEP43]]>
            </line>
            <line>
              <![CDATA[STEP44]]>
            </line>
            <line>
              <![CDATA[STEP45]]>
            </line>
            <line>
              <![CDATA[STEP46]]>
            </line>
            <line>
              <![CDATA[STEP47]]>
            </line>
            <line>
              <![CDATA[STEP48]]>
            </line>
            <line>
              <![CDATA[STEP49]]>
            </line>
            <line>
              <![CDATA[STEP50]]>
            </line>
            <line>
              <![CDATA[STEP51]]>
            </line>
            <line>
              <![CDATA[STEP52]]>
            </line>
            <line>
              <![CDATA[STEP53]]>
            </line>
            <line>
              <![CDATA[STEP54]]>
            </line>
            <line>
              <![CDATA[STEP55]]>
            </line>
            <line>
              <![CDATA[STEP56]]>
            </line>
            <line>
              <![CDATA[STEP57]]>
            </line>
            <line>
              <![CDATA[STEP58]]>
            </line>
            <line>
              <![CDATA[STEP59]]>
            </line>
            <line>
              <![CDATA[STEP60]]>
            </line>
            <line>
              <![CDATA[STEP61]]>
            </line>
            <line>
              <![CDATA[STEP62]]>
            </line>
            <line>
              <![CDATA[STEP63]]>
            </line>
            <line>
              <![CDATA[STEP64]]>
            </line>
            <line>
              <![CDATA[STEP65]]>
            </line>
            <line>
              <![CDATA[STEP66]]>
            </line>
            <line>
              <![CDATA[STEP67]]>
            </line>
            <line>
              <![CDATA[STEP68]]>
            </line>
            <line>
              <![CDATA[STEP69]]>
            </line>
            <line>
              <![CDATA[STEP70]]>
            </line>
            <line>
              <![CDATA[STEP71]]>
            </line>
            <line>
              <![CDATA[STEP72]]>
            </line>
            <line>
              <![CDATA[STEP73]]>
            </line>
            <line>
              <![CDATA[STEP74]]>
            </line>
            <line>
              <![CDATA[STEP75]]>
            </line>
            <line>
              <![CDATA[STEP76]]>
            </line>
            <line>
              <![CDATA[STEP77]]>
            </line>
            <line>
              <![CDATA[STEP78]]>
            </line>
            <line>
              <![CDATA[STEP79]]>
            </line>
            <line>
              <![CDATA[STEP80]]>
            </line>
            <line>
              <![CDATA[STEP81]]>
            </line>
            <line>
              <![CDATA[STEP82]]>
            </line>
            <line>
              <![CDATA[STEP83]]>
            </line>
            <line>
              <![CDATA[STEP84]]>
            </line>
            <line>
              <![CDATA[STEP85]]>
            </line>
            <line>
              <![CDATA[STEP86]]>
            </line>
            <line>
              <![CDATA[STEP87]]>
            </line>
            <line>
              <![CDATA[STEP88]]>
            </line>
            <line>
              <![CDATA[STEP89]]>
            </line>
            <line>
              <![CDATA[STEP90]]>
            </line>
            <line>
              <![CDATA[STEP91]]>
            </line>
            <line>
              <![CDATA[STEP92]]>
            </line>
            <line>
              <![CDATA[STEP93]]>
            </line>
            <line>
              <![CDATA[STEP94]]>
            </line>
            <line>
              <![CDATA[STEP95]]>
            </line>
            <line>
              <![CDATA[STEP96]]>
            </line>
            <line>
              <![CDATA[STEP97]]>
            </line>
            <line>
              <![CDATA[STEP98]]>
            </line>
            <line>
              <![CDATA[STEP99]]>
            </line>
            <line>
              <![CDATA[STEP100]]>
            </line>
            <line>
              <![CDATA[STEP101]]>
            </line>
          </reporter-output>
        </test-method> <!-- TC_Proforma_Service_Creation_PC01 -->
        <test-method is-config="true" signature="Teardown(org.testng.ITestResult)[pri:0, instance:commonMethods.Testcases@71cb3139]" started-at="2024-05-30T12:39:16 IST" name="Teardown" finished-at="2024-05-30T12:39:17 IST" duration-ms="299" status="PASS">
          <params>
            <param index="0">
              <value>
                <![CDATA[[TestResult name=TC_Proforma_Service_Creation_PC01 status=SUCCESS method=Testcases.TC_Proforma_Service_Creation_PC01()[pri:0, instance:commonMethods.Testcases@71cb3139] output=STEP1]]]>
              </value>
            </param>
          </params>
          <reporter-output>
          </reporter-output>
        </test-method> <!-- Teardown -->
        <test-method signature="TC_Proforma_Service_Creation_PC02()[pri:0, instance:commonMethods.Testcases@71cb3139]" started-at="2024-05-30T12:39:17 IST" name="TC_Proforma_Service_Creation_PC02" finished-at="2024-05-30T12:39:57 IST" duration-ms="40286" status="PASS">
          <reporter-output>
            <line>
              <![CDATA[STEP102]]>
            </line>
            <line>
              <![CDATA[STEP103]]>
            </line>
            <line>
              <![CDATA[STEP104]]>
            </line>
            <line>
              <![CDATA[STEP105]]>
            </line>
            <line>
              <![CDATA[STEP106]]>
            </line>
            <line>
              <![CDATA[STEP107]]>
            </line>
            <line>
              <![CDATA[STEP108]]>
            </line>
            <line>
              <![CDATA[STEP109]]>
            </line>
            <line>
              <![CDATA[STEP110]]>
            </line>
            <line>
              <![CDATA[STEP111]]>
            </line>
            <line>
              <![CDATA[STEP112]]>
            </line>
            <line>
              <![CDATA[STEP113]]>
            </line>
            <line>
              <![CDATA[STEP114]]>
            </line>
            <line>
              <![CDATA[STEP115]]>
            </line>
            <line>
              <![CDATA[STEP116]]>
            </line>
            <line>
              <![CDATA[STEP117]]>
            </line>
            <line>
              <![CDATA[STEP118]]>
            </line>
            <line>
              <![CDATA[STEP119]]>
            </line>
            <line>
              <![CDATA[STEP120]]>
            </line>
            <line>
              <![CDATA[STEP121]]>
            </line>
            <line>
              <![CDATA[STEP122]]>
            </line>
            <line>
              <![CDATA[STEP123]]>
            </line>
            <line>
              <![CDATA[STEP124]]>
            </line>
            <line>
              <![CDATA[STEP125]]>
            </line>
            <line>
              <![CDATA[STEP126]]>
            </line>
            <line>
              <![CDATA[STEP127]]>
            </line>
            <line>
              <![CDATA[STEP128]]>
            </line>
            <line>
              <![CDATA[STEP129]]>
            </line>
            <line>
              <![CDATA[STEP130]]>
            </line>
            <line>
              <![CDATA[STEP131]]>
            </line>
            <line>
              <![CDATA[STEP132]]>
            </line>
            <line>
              <![CDATA[STEP133]]>
            </line>
            <line>
              <![CDATA[STEP134]]>
            </line>
            <line>
              <![CDATA[STEP135]]>
            </line>
            <line>
              <![CDATA[STEP136]]>
            </line>
            <line>
              <![CDATA[STEP137]]>
            </line>
            <line>
              <![CDATA[STEP138]]>
            </line>
            <line>
              <![CDATA[STEP139]]>
            </line>
            <line>
              <![CDATA[STEP140]]>
            </line>
            <line>
              <![CDATA[STEP141]]>
            </line>
            <line>
              <![CDATA[STEP142]]>
            </line>
          </reporter-output>
        </test-method> <!-- TC_Proforma_Service_Creation_PC02 -->
        <test-method is-config="true" signature="Teardown(org.testng.ITestResult)[pri:0, instance:commonMethods.Testcases@71cb3139]" started-at="2024-05-30T12:39:57 IST" name="Teardown" finished-at="2024-05-30T12:39:57 IST" duration-ms="230" status="PASS">
          <params>
            <param index="0">
              <value>
                <![CDATA[[TestResult name=TC_Proforma_Service_Creation_PC02 status=SUCCESS method=Testcases.TC_Proforma_Service_Creation_PC02()[pri:0, instance:commonMethods.Testcases@71cb3139] output=STEP102]]]>
              </value>
            </param>
          </params>
          <reporter-output>
          </reporter-output>
        </test-method> <!-- Teardown -->
        <test-method is-config="true" signature="aftertest()[pri:0, instance:commonMethods.Testcases@71cb3139]" started-at="2024-05-30T12:39:57 IST" name="aftertest" finished-at="2024-05-30T12:39:58 IST" duration-ms="877" status="PASS">
          <reporter-output>
          </reporter-output>
        </test-method> <!-- aftertest -->
      </class> <!-- commonMethods.Testcases -->
    </test> <!-- Test -->
  </suite> <!-- Suite -->
</testng-results>
