<?xml version="1.0" encoding="UTF-8"?>
<!-- Generated by org.testng.reporters.JUnitReportReporter -->
<testsuite hostname="DESKTOP-HERP98R" failures="0" tests="1" name="scripts.Testing2" time="1.973" errors="1" timestamp="2024-02-17T22:55:55 IST" skipped="0">
  <testcase classname="scripts.Testing2" name="excelTest" time="1.973">
    <error message="Cannot get a STRING value from a NUMERIC cell" type="java.lang.IllegalStateException">
      <![CDATA[java.lang.IllegalStateException: Cannot get a STRING value from a NUMERIC cell
at org.apache.poi.xssf.usermodel.XSSFCell.typeMismatch(XSSFCell.java:1062)
at org.apache.poi.xssf.usermodel.XSSFCell.getRichStringCellValue(XSSFCell.java:395)
at org.apache.poi.xssf.usermodel.XSSFCell.getStringCellValue(XSSFCell.java:347)
at scripts.Testing2.excelTest(Testing2.java:60)
at java.base/jdk.internal.reflect.DirectMethodHandleAccessor.invoke(DirectMethodHandleAccessor.java:104)
at java.base/java.lang.reflect.Method.invoke(Method.java:577)
at org.testng.internal.MethodInvocationHelper.invokeMethod(MethodInvocationHelper.java:133)
at org.testng.internal.TestInvoker.invokeMethod(TestInvoker.java:598)
at org.testng.internal.TestInvoker.invokeTestMethod(TestInvoker.java:173)
at org.testng.internal.MethodRunner.runInSequence(MethodRunner.java:46)
at org.testng.internal.TestInvoker$MethodInvocationAgent.invoke(TestInvoker.java:824)
at org.testng.internal.TestInvoker.invokeTestMethods(TestInvoker.java:146)
at org.testng.internal.TestMethodWorker.invokeTestMethods(TestMethodWorker.java:146)
at org.testng.internal.TestMethodWorker.run(TestMethodWorker.java:128)
at java.base/java.util.ArrayList.forEach(ArrayList.java:1511)
at org.testng.TestRunner.privateRun(TestRunner.java:794)
at org.testng.TestRunner.run(TestRunner.java:596)
at org.testng.SuiteRunner.runTest(SuiteRunner.java:377)
at org.testng.SuiteRunner.runSequentially(SuiteRunner.java:371)
at org.testng.SuiteRunner.privateRun(SuiteRunner.java:332)
at org.testng.SuiteRunner.run(SuiteRunner.java:276)
at org.testng.SuiteRunnerWorker.runSuite(SuiteRunnerWorker.java:53)
at org.testng.SuiteRunnerWorker.run(SuiteRunnerWorker.java:96)
at org.testng.TestNG.runSuitesSequentially(TestNG.java:1212)
at org.testng.TestNG.runSuitesLocally(TestNG.java:1134)
at org.testng.TestNG.runSuites(TestNG.java:1063)
at org.testng.TestNG.run(TestNG.java:1031)
at org.testng.remote.AbstractRemoteTestNG.run(AbstractRemoteTestNG.java:115)
at org.testng.remote.RemoteTestNG.initAndRun(RemoteTestNG.java:251)
at org.testng.remote.RemoteTestNG.main(RemoteTestNG.java:77)
]]>
    </error>
  </testcase> <!-- excelTest -->
  <system-out>
    <![CDATA[





























































































STEP95
STEP96
STEP97
STEP98
STEP99
STEP100
STEP101
STEP102
STEP103
STEP104
STEP105
STEP106
STEP107
STEP108






























































































STEP203
STEP204
STEP205
STEP206
STEP207
STEP208
STEP209
STEP210
STEP211
STEP212
STEP213
STEP214
STEP215
STEP216






























































































STEP311
STEP312
STEP313
STEP314
STEP315
STEP316
STEP317
STEP318
STEP319
STEP320
STEP321
STEP322
STEP323
STEP324






























































































STEP419
STEP420
STEP421
STEP422
STEP423
STEP424
STEP425
STEP426
STEP427
STEP428
STEP429
STEP430
STEP431
STEP432






























































































STEP527
STEP528
STEP529
STEP530
STEP531
STEP532
STEP533
STEP534
STEP535
STEP536
STEP537
STEP538
STEP539
STEP540






























































































STEP635
STEP636
STEP637
STEP638
STEP639
STEP640
STEP641
STEP642
STEP643
STEP644
STEP645
STEP646
STEP647
STEP648






























































































STEP743
STEP744
STEP745
STEP746
STEP747
STEP748
STEP749
STEP750
STEP751
STEP752
STEP753
STEP754
STEP755
STEP756






























































































STEP851
STEP852
STEP853
STEP854
STEP855
STEP856
STEP857
STEP858
STEP859
STEP860
STEP861
STEP862
STEP863
STEP864






























































































STEP959
STEP960
STEP961
STEP962
STEP963
STEP964
STEP965
STEP966
STEP967
STEP968
STEP969
STEP970
STEP971
STEP972






























































































STEP1067
STEP1068
STEP1069
STEP1070
STEP1071
STEP1072
STEP1073
STEP1074
STEP1075
STEP1076
STEP1077
STEP1078
STEP1079
STEP1080






























































































STEP1175
STEP1176
STEP1177
STEP1178
STEP1179
STEP1180
STEP1181
STEP1182
STEP1183
STEP1184
STEP1185
STEP1186
STEP1187
STEP1188






























































































STEP1283
STEP1284
STEP1285
STEP1286
STEP1287
STEP1288
STEP1289
STEP1290
STEP1291
STEP1292
STEP1293
STEP1294
STEP1295
STEP1296






























































































STEP1391
STEP1392
STEP1393
STEP1394
STEP1395
STEP1396
STEP1397
STEP1398
STEP1399
STEP1400
STEP1401
STEP1402
STEP1403
STEP1404






























































































STEP1499
STEP1500
STEP1501
STEP1502
STEP1503
STEP1504
STEP1505
STEP1506
STEP1507
STEP1508
STEP1509
STEP1510
STEP1511
STEP1512






























































































STEP1607
STEP1608
STEP1609
STEP1610
STEP1611
STEP1612
STEP1613
STEP1614
STEP1615
STEP1616
STEP1617
STEP1618
STEP1619
STEP1620






























































































STEP1715
STEP1716
STEP1717
STEP1718
STEP1719
STEP1720
STEP1721
STEP1722
STEP1723
STEP1724
STEP1725
STEP1726
STEP1727
STEP1728






























































































STEP1823
STEP1824
STEP1825
STEP1826
STEP1827
STEP1828
STEP1829
STEP1830
STEP1831
STEP1832
STEP1833
STEP1834
STEP1835
STEP1836






























































































STEP1931
STEP1932
STEP1933
STEP1934
STEP1935
STEP1936
STEP1937
STEP1938
STEP1939
STEP1940
STEP1941
STEP1942
STEP1943
STEP1944






























































































STEP2039
STEP2040
STEP2041
STEP2042
STEP2043
STEP2044
STEP2045
STEP2046
STEP2047
STEP2048
STEP2049
STEP2050
STEP2051
STEP2052






























































































STEP2147
STEP2148
STEP2149
STEP2150
STEP2151
STEP2152
STEP2153
STEP2154
STEP2155
STEP2156
STEP2157
STEP2158
STEP2159
STEP2160]]>
  </system-out>
</testsuite> <!-- scripts.Testing2 -->
